Using pre-set license
Built from '2020.2/release' branch; Version is '2020.2.2f1 (068178b99f32) revision 426360'; Using compiler version '192528614'; Build Type 'Release'
OS: 'Windows 10 Enterprise G; OS build 16299.1481; Version 1709; 64bit' Language: 'zh' Physical Memory: 16296 MB
BatchMode: 1, IsHumanControllingUs: 0, StartBugReporterOnCrash: 0, Is64bit: 1, IsPro: 0

 COMMAND LINE ARGUMENTS:
D:\Program Files\Unity\Editor\Unity.exe
-adb2
-batchMode
-noUpm
-name
AssetImportWorker0
-projectPath
D:/PROGRAM FILES (X86)/helloworld/3D-Tower-Defence
-logFile
Logs/AssetImportWorker0.log
-srvPort
54145
Successfully changed project path to: D:/PROGRAM FILES (X86)/helloworld/3D-Tower-Defence
D:/PROGRAM FILES (X86)/helloworld/3D-Tower-Defence
Using Asset Import Pipeline V2.
Refreshing native plugins compatible for Editor in 36.25 ms, found 0 plugins.
Preloading 0 native plugins for Editor in 0.00 ms.
Initialize engine version: 2020.2.2f1 (068178b99f32)
[Subsystems] Discovering subsystems at path D:/Program Files/Unity/Editor/Data/Resources/UnitySubsystems
[Subsystems] Discovering subsystems at path D:/PROGRAM FILES (X86)/helloworld/3D-Tower-Defence/Assets
GfxDevice: creating device client; threaded=0
Direct3D:
    Version:  Direct3D 11.0 [level 11.1]
    Renderer: Intel(R) HD Graphics 530 (ID=0x191b)
    Vendor:   
    VRAM:     8148 MB
    Driver:   26.20.100.7212
Initialize mono
Mono path[0] = 'D:/Program Files/Unity/Editor/Data/Managed'
Mono path[1] = 'D:/Program Files/Unity/Editor/Data/MonoBleedingEdge/lib/mono/unityjit'
Mono config path = 'D:/Program Files/Unity/Editor/Data/MonoBleedingEdge/etc'
Using monoOptions --debugger-agent=transport=dt_socket,embedding=1,server=y,suspend=n,address=127.0.0.1:56572
Begin MonoManager ReloadAssembly
Registering precompiled unity dll's ...
Register platform support module: D:/Program Files/Unity/Editor/Data/PlaybackEngines/WindowsStandaloneSupport/UnityEditor.WindowsStandalone.Extensions.dll
Registered in 0.002100 seconds.
Native extension for WindowsStandalone target not found
Refreshing native plugins compatible for Editor in 22.90 ms, found 0 plugins.
Preloading 0 native plugins for Editor in 0.00 ms.
Invoked RoslynAnalysisRunner static constructor.
RoslynAnalysisRunner will not be running.
RoslynAnalysisRunner has terminated.
Mono: successfully reloaded assembly
- Completed reload, in  1.342 seconds
Platform modules already initialized, skipping
Registering precompiled user dll's ...
Registered in 0.000774 seconds.
Begin MonoManager ReloadAssembly
Native extension for WindowsStandalone target not found
Refreshing native plugins compatible for Editor in 0.19 ms, found 0 plugins.
Preloading 0 native plugins for Editor in 0.00 ms.
Invoked RoslynAnalysisRunner static constructor.
RoslynAnalysisRunner will not be running.
RoslynAnalysisRunner has terminated.
Mono: successfully reloaded assembly
- Completed reload, in  0.896 seconds
Platform modules already initialized, skipping
========================================================================
Worker process is ready to serve import requests
Launched and connected shader compiler UnityShaderCompiler.exe after 0.05 seconds
Refreshing native plugins compatible for Editor in 0.18 ms, found 0 plugins.
Preloading 0 native plugins for Editor in 0.00 ms.
Unloading 1107 Unused Serialized files (Serialized files now loaded: 0)
System memory in use before: 56.5 MB.
System memory in use after: 56.6 MB.

Unloading 9 unused Assets to reduce memory usage. Loaded Objects now: 1549.
Total: 1.618689 ms (FindLiveObjects: 0.154808 ms CreateObjectMapping: 0.031717 ms MarkObjects: 1.374017 ms  DeleteObjects: 0.057015 ms)

========================================================================
Received Import Request.
  path: Assets/3D Tower Defence/Scenes
  artifactKey: Guid(3c63d16336f420047a920118e5db0048) Importer(815301076,1909f56bfc062723c751e8b465ee728b)
Start importing Assets/3D Tower Defence/Scenes using Guid(3c63d16336f420047a920118e5db0048) Importer(815301076,1909f56bfc062723c751e8b465ee728b)  -> (artifact id: '0e44e6c0127abe21b36016c306b97733') in 0.005031 seconds
  Import took 0.006675 seconds .

========================================================================
Received Import Request.
  Time since last request: 1.152650 seconds.
  path: Assets/3D Tower Defence/Scenes/SampleScene.unity
  artifactKey: Guid(9fc0d4010bbf28b4594072e72b8655ab) Importer(815301076,1909f56bfc062723c751e8b465ee728b)
Start importing Assets/3D Tower Defence/Scenes/SampleScene.unity using Guid(9fc0d4010bbf28b4594072e72b8655ab) Importer(815301076,1909f56bfc062723c751e8b465ee728b)  -> (artifact id: '50645aafa7a9ceb14fd14afbcf75ec0c') in 0.012439 seconds
  Import took 0.014292 seconds .

========================================================================
Received Import Request.
  Time since last request: 5.037393 seconds.
  path: Assets/3D Tower Defence/Scripts/CameraMove.cs
  artifactKey: Guid(54b7347cfee892846a3e0206b765498e) Importer(815301076,1909f56bfc062723c751e8b465ee728b)
Start importing Assets/3D Tower Defence/Scripts/CameraMove.cs using Guid(54b7347cfee892846a3e0206b765498e) Importer(815301076,1909f56bfc062723c751e8b465ee728b)  -> (artifact id: 'f51b58a470bd52a8be2a0c33bf7dd34b') in 0.054283 seconds
  Import took 0.056301 seconds .

========================================================================
Received Import Request.
  Time since last request: 7614.464089 seconds.
  path: Assets/3D Tower Defence/Scripts/GameManager.cs
  artifactKey: Guid(7a1414bbd1d05894c8df7009472835ef) Importer(815301076,1909f56bfc062723c751e8b465ee728b)
Start importing Assets/3D Tower Defence/Scripts/GameManager.cs using Guid(7a1414bbd1d05894c8df7009472835ef) Importer(815301076,1909f56bfc062723c751e8b465ee728b)  -> (artifact id: '47f74199435e18b2c34b36bfb40c3903') in 0.008854 seconds
  Import took 0.038055 seconds .

========================================================================
Received Import Request.
  Time since last request: 0.010164 seconds.
  path: Assets/3D Tower Defence/Scripts/GameManager.cs
  artifactKey: Guid(7a1414bbd1d05894c8df7009472835ef) Importer(815301076,1909f56bfc062723c751e8b465ee728b)
Start importing Assets/3D Tower Defence/Scripts/GameManager.cs using Guid(7a1414bbd1d05894c8df7009472835ef) Importer(815301076,1909f56bfc062723c751e8b465ee728b)  -> (artifact id: '47f74199435e18b2c34b36bfb40c3903') in 0.005375 seconds
  Import took 0.007352 seconds .

========================================================================
Received Import Request.
  Time since last request: 0.588922 seconds.
  path: Assets/3D Tower Defence/Scripts/EnemySpawner.cs
  artifactKey: Guid(ce4856d39ae6be04e9ddefbfe8914c4e) Importer(815301076,1909f56bfc062723c751e8b465ee728b)
Start importing Assets/3D Tower Defence/Scripts/EnemySpawner.cs using Guid(ce4856d39ae6be04e9ddefbfe8914c4e) Importer(815301076,1909f56bfc062723c751e8b465ee728b)  -> (artifact id: '52b08c75e3c2371fb1debe44d0682593') in 0.005345 seconds
  Import took 0.007331 seconds .

========================================================================
Received Import Request.
  Time since last request: 0.680055 seconds.
  path: Assets/3D Tower Defence/Scripts/EnemyMove.cs
  artifactKey: Guid(2e9dae3e3558c6a49aa123e41ecbbcf4) Importer(815301076,1909f56bfc062723c751e8b465ee728b)
Start importing Assets/3D Tower Defence/Scripts/EnemyMove.cs using Guid(2e9dae3e3558c6a49aa123e41ecbbcf4) Importer(815301076,1909f56bfc062723c751e8b465ee728b)  -> (artifact id: 'd28d7eb93599d60723d1e179c98544db') in 0.004841 seconds
  Import took 0.006850 seconds .

========================================================================
Received Import Request.
  Time since last request: 1.330712 seconds.
  path: Assets/3D Tower Defence/Scripts/TowerData.cs
  artifactKey: Guid(d01bc242d9c60fb4b81025a26e674245) Importer(815301076,1909f56bfc062723c751e8b465ee728b)
Start importing Assets/3D Tower Defence/Scripts/TowerData.cs using Guid(d01bc242d9c60fb4b81025a26e674245) Importer(815301076,1909f56bfc062723c751e8b465ee728b)  -> (artifact id: 'f78b5212d9b461eeeb4721ab0739de62') in 0.005056 seconds
  Import took 0.006989 seconds .

========================================================================
Received Import Request.
  Time since last request: 0.001371 seconds.
  path: Assets/3D Tower Defence/Scripts/TowerData.cs
  artifactKey: Guid(d01bc242d9c60fb4b81025a26e674245) Importer(815301076,1909f56bfc062723c751e8b465ee728b)
Start importing Assets/3D Tower Defence/Scripts/TowerData.cs using Guid(d01bc242d9c60fb4b81025a26e674245) Importer(815301076,1909f56bfc062723c751e8b465ee728b)  -> (artifact id: 'f78b5212d9b461eeeb4721ab0739de62') in 0.005679 seconds
  Import took 0.007993 seconds .

========================================================================
Received Import Request.
  Time since last request: 0.572348 seconds.
  path: Assets/3D Tower Defence/Scripts/Tower.cs
  artifactKey: Guid(b649965baf214504ca18d660ad625e98) Importer(815301076,1909f56bfc062723c751e8b465ee728b)
Start importing Assets/3D Tower Defence/Scripts/Tower.cs using Guid(b649965baf214504ca18d660ad625e98) Importer(815301076,1909f56bfc062723c751e8b465ee728b)  -> (artifact id: '03578fb34b15cdcc073481fd19c7e0de') in 0.004613 seconds
  Import took 0.006521 seconds .

========================================================================
Received Import Request.
  Time since last request: 0.002908 seconds.
  path: Assets/3D Tower Defence/Scripts/Tower.cs
  artifactKey: Guid(b649965baf214504ca18d660ad625e98) Importer(815301076,1909f56bfc062723c751e8b465ee728b)
Start importing Assets/3D Tower Defence/Scripts/Tower.cs using Guid(b649965baf214504ca18d660ad625e98) Importer(815301076,1909f56bfc062723c751e8b465ee728b)  -> (artifact id: '03578fb34b15cdcc073481fd19c7e0de') in 0.004371 seconds
  Import took 0.006125 seconds .

========================================================================
Received Import Request.
  Time since last request: 33.691209 seconds.
  path: Assets/3D Tower Defence/Scripts
  artifactKey: Guid(cbdaa0eeb1c0c8a49b58b8935b3ebdd0) Importer(815301076,1909f56bfc062723c751e8b465ee728b)
Start importing Assets/3D Tower Defence/Scripts using Guid(cbdaa0eeb1c0c8a49b58b8935b3ebdd0) Importer(815301076,1909f56bfc062723c751e8b465ee728b)  -> (artifact id: 'c9fb4725645f94c2c86530aaf4cd9976') in 0.005092 seconds
  Import took 0.007079 seconds .

========================================================================
Received Import Request.
  Time since last request: 5.751226 seconds.
  path: Assets/3D Tower Defence/Scripts/Bullet.cs
  artifactKey: Guid(354ae95b69f22c14ab900c5b7f32c4f0) Importer(815301076,1909f56bfc062723c751e8b465ee728b)
Start importing Assets/3D Tower Defence/Scripts/Bullet.cs using Guid(354ae95b69f22c14ab900c5b7f32c4f0) Importer(815301076,1909f56bfc062723c751e8b465ee728b)  -> (artifact id: '8260fd0a8a6822647f125ef328d2bb51') in 0.005105 seconds
  Import took 0.006921 seconds .

========================================================================
Received Prepare
Registering precompiled user dll's ...
Registered in 0.001406 seconds.
Begin MonoManager ReloadAssembly
Native extension for WindowsStandalone target not found
Refreshing native plugins compatible for Editor in 0.20 ms, found 0 plugins.
Preloading 0 native plugins for Editor in 0.00 ms.
Invoked RoslynAnalysisRunner static constructor.
RoslynAnalysisRunner will not be running.
RoslynAnalysisRunner has terminated.
Mono: successfully reloaded assembly
- Completed reload, in  1.032 seconds
Platform modules already initialized, skipping
Refreshing native plugins compatible for Editor in 0.22 ms, found 0 plugins.
Preloading 0 native plugins for Editor in 0.00 ms.
Unloading 1102 Unused Serialized files (Serialized files now loaded: 0)
System memory in use before: 56.5 MB.
System memory in use after: 56.6 MB.

Unloading 4 unused Assets to reduce memory usage. Loaded Objects now: 1552.
Total: 1.593769 ms (FindLiveObjects: 0.144613 ms CreateObjectMapping: 0.044555 ms MarkObjects: 1.381569 ms  DeleteObjects: 0.021900 ms)

========================================================================
Received Prepare
Registering precompiled user dll's ...
Registered in 0.001753 seconds.
Begin MonoManager ReloadAssembly
Native extension for WindowsStandalone target not found
Refreshing native plugins compatible for Editor in 0.22 ms, found 0 plugins.
Preloading 0 native plugins for Editor in 0.00 ms.
Invoked RoslynAnalysisRunner static constructor.
RoslynAnalysisRunner will not be running.
RoslynAnalysisRunner has terminated.
Mono: successfully reloaded assembly
- Completed reload, in  0.936 seconds
Platform modules already initialized, skipping
Refreshing native plugins compatible for Editor in 0.20 ms, found 0 plugins.
Preloading 0 native plugins for Editor in 0.00 ms.
Unloading 1102 Unused Serialized files (Serialized files now loaded: 0)
System memory in use before: 56.6 MB.
System memory in use after: 56.7 MB.

Unloading 4 unused Assets to reduce memory usage. Loaded Objects now: 1554.
Total: 1.798795 ms (FindLiveObjects: 0.145746 ms CreateObjectMapping: 0.146501 ms MarkObjects: 1.490312 ms  DeleteObjects: 0.014348 ms)

========================================================================
Received Import Request.
  Time since last request: 42124.541653 seconds.
  path: Assets/3D Tower Defence/Scripts/NewBehaviourScript.cs
  artifactKey: Guid(dac6ec683d5c8f94dab896076447a886) Importer(815301076,1909f56bfc062723c751e8b465ee728b)
Start importing Assets/3D Tower Defence/Scripts/NewBehaviourScript.cs using Guid(dac6ec683d5c8f94dab896076447a886) Importer(815301076,1909f56bfc062723c751e8b465ee728b)  -> (artifact id: '00db4c13153b9d54d5a98d8efe1f1a47') in 0.049302 seconds
  Import took 0.080700 seconds .

========================================================================
Received Prepare
Registering precompiled user dll's ...
Registered in 0.000797 seconds.
Begin MonoManager ReloadAssembly
Native extension for WindowsStandalone target not found
Refreshing native plugins compatible for Editor in 0.21 ms, found 0 plugins.
Preloading 0 native plugins for Editor in 0.00 ms.
Invoked RoslynAnalysisRunner static constructor.
RoslynAnalysisRunner will not be running.
RoslynAnalysisRunner has terminated.
Mono: successfully reloaded assembly
- Completed reload, in  1.001 seconds
Platform modules already initialized, skipping
Refreshing native plugins compatible for Editor in 0.24 ms, found 0 plugins.
Preloading 0 native plugins for Editor in 0.00 ms.
Unloading 1103 Unused Serialized files (Serialized files now loaded: 0)
System memory in use before: 56.7 MB.
System memory in use after: 56.8 MB.

Unloading 4 unused Assets to reduce memory usage. Loaded Objects now: 1557.
Total: 2.137108 ms (FindLiveObjects: 0.178218 ms CreateObjectMapping: 0.050596 ms MarkObjects: 1.886772 ms  DeleteObjects: 0.019257 ms)

========================================================================
Received Import Request.
  Time since last request: 30.473353 seconds.
  path: Assets/3D Tower Defence/Scripts/BuildManager.cs
  artifactKey: Guid(dac6ec683d5c8f94dab896076447a886) Importer(815301076,1909f56bfc062723c751e8b465ee728b)
Start importing Assets/3D Tower Defence/Scripts/BuildManager.cs using Guid(dac6ec683d5c8f94dab896076447a886) Importer(815301076,1909f56bfc062723c751e8b465ee728b)  -> (artifact id: '85f8a020a3370c6f478f81676acb4450') in 0.006918 seconds
  Import took 0.009228 seconds .

========================================================================
Received Import Request.
  Time since last request: 0.001750 seconds.
  path: Assets/3D Tower Defence/Scripts/BuildManager.cs
  artifactKey: Guid(dac6ec683d5c8f94dab896076447a886) Importer(815301076,1909f56bfc062723c751e8b465ee728b)
Start importing Assets/3D Tower Defence/Scripts/BuildManager.cs using Guid(dac6ec683d5c8f94dab896076447a886) Importer(815301076,1909f56bfc062723c751e8b465ee728b)  -> (artifact id: '85f8a020a3370c6f478f81676acb4450') in 0.004161 seconds
  Import took 0.006183 seconds .

========================================================================
Received Import Request.
  Time since last request: 1.068369 seconds.
  path: Assets/3D Tower Defence/Scripts/Bullet.cs
  artifactKey: Guid(354ae95b69f22c14ab900c5b7f32c4f0) Importer(815301076,1909f56bfc062723c751e8b465ee728b)
Start importing Assets/3D Tower Defence/Scripts/Bullet.cs using Guid(354ae95b69f22c14ab900c5b7f32c4f0) Importer(815301076,1909f56bfc062723c751e8b465ee728b)  -> (artifact id: '3653e37033bb71d7a7e12974eef798f6') in 0.017693 seconds
  Import took 0.025274 seconds .

========================================================================
Received Import Request.
  Time since last request: 0.027007 seconds.
  path: Assets/3D Tower Defence/Scripts/Bullet.cs
  artifactKey: Guid(354ae95b69f22c14ab900c5b7f32c4f0) Importer(815301076,1909f56bfc062723c751e8b465ee728b)
Start importing Assets/3D Tower Defence/Scripts/Bullet.cs using Guid(354ae95b69f22c14ab900c5b7f32c4f0) Importer(815301076,1909f56bfc062723c751e8b465ee728b)  -> (artifact id: '3653e37033bb71d7a7e12974eef798f6') in 0.006561 seconds
  Import took 0.012335 seconds .

========================================================================
Received Prepare
Registering precompiled user dll's ...
Registered in 0.000875 seconds.
Begin MonoManager ReloadAssembly
Native extension for WindowsStandalone target not found
Refreshing native plugins compatible for Editor in 0.20 ms, found 0 plugins.
Preloading 0 native plugins for Editor in 0.00 ms.
Invoked RoslynAnalysisRunner static constructor.
RoslynAnalysisRunner will not be running.
RoslynAnalysisRunner has terminated.
Mono: successfully reloaded assembly
- Completed reload, in  0.880 seconds
Platform modules already initialized, skipping
Refreshing native plugins compatible for Editor in 0.19 ms, found 0 plugins.
Preloading 0 native plugins for Editor in 0.00 ms.
Unloading 1103 Unused Serialized files (Serialized files now loaded: 0)
System memory in use before: 56.8 MB.
System memory in use after: 56.9 MB.

Unloading 4 unused Assets to reduce memory usage. Loaded Objects now: 1559.
Total: 1.395161 ms (FindLiveObjects: 0.124602 ms CreateObjectMapping: 0.035870 ms MarkObjects: 1.221852 ms  DeleteObjects: 0.011705 ms)

========================================================================
Received Import Request.
  Time since last request: 49.868390 seconds.
  path: Assets/3D Tower Defence/Scripts/BuildManager.cs
  artifactKey: Guid(dac6ec683d5c8f94dab896076447a886) Importer(815301076,1909f56bfc062723c751e8b465ee728b)
Start importing Assets/3D Tower Defence/Scripts/BuildManager.cs using Guid(dac6ec683d5c8f94dab896076447a886) Importer(815301076,1909f56bfc062723c751e8b465ee728b)  -> (artifact id: 'c7ed5db687507cbbd86ab10909dd1074') in 0.006866 seconds
  Import took 0.009034 seconds .

========================================================================
Received Import Request.
  Time since last request: 29.332563 seconds.
  path: Assets/3D Tower Defence/Scripts/TowerBase.cs
  artifactKey: Guid(64a051a6102b6794e87f283c8777989b) Importer(815301076,1909f56bfc062723c751e8b465ee728b)
Start importing Assets/3D Tower Defence/Scripts/TowerBase.cs using Guid(64a051a6102b6794e87f283c8777989b) Importer(815301076,1909f56bfc062723c751e8b465ee728b)  -> (artifact id: '79bf30fab7e0dc52e50e19de055f8814') in 0.004587 seconds
  Import took 0.006283 seconds .

========================================================================
Received Import Request.
  Time since last request: 48.902828 seconds.
  path: Assets/3D Tower Defence/Scripts/TowerBase.cs
  artifactKey: Guid(64a051a6102b6794e87f283c8777989b) Importer(815301076,1909f56bfc062723c751e8b465ee728b)
Start importing Assets/3D Tower Defence/Scripts/TowerBase.cs using Guid(64a051a6102b6794e87f283c8777989b) Importer(815301076,1909f56bfc062723c751e8b465ee728b)  -> (artifact id: 'b348905b594d5c09c13dfeefcfc451af') in 0.004987 seconds
  Import took 0.006962 seconds .

========================================================================
Received Import Request.
  Time since last request: 0.001488 seconds.
  path: Assets/3D Tower Defence/Scripts/TowerBase.cs
  artifactKey: Guid(64a051a6102b6794e87f283c8777989b) Importer(815301076,1909f56bfc062723c751e8b465ee728b)
Start importing Assets/3D Tower Defence/Scripts/TowerBase.cs using Guid(64a051a6102b6794e87f283c8777989b) Importer(815301076,1909f56bfc062723c751e8b465ee728b)  -> (artifact id: 'b348905b594d5c09c13dfeefcfc451af') in 0.004340 seconds
  Import took 0.006100 seconds .

========================================================================
Received Prepare
Registering precompiled user dll's ...
Registered in 0.000883 seconds.
Begin MonoManager ReloadAssembly
Native extension for WindowsStandalone target not found
Refreshing native plugins compatible for Editor in 0.22 ms, found 0 plugins.
Preloading 0 native plugins for Editor in 0.00 ms.
Invoked RoslynAnalysisRunner static constructor.
RoslynAnalysisRunner will not be running.
RoslynAnalysisRunner has terminated.
Mono: successfully reloaded assembly
- Completed reload, in  0.948 seconds
Platform modules already initialized, skipping
Refreshing native plugins compatible for Editor in 0.20 ms, found 0 plugins.
Preloading 0 native plugins for Editor in 0.00 ms.
Unloading 1104 Unused Serialized files (Serialized files now loaded: 0)
System memory in use before: 56.9 MB.
System memory in use after: 57.0 MB.

Unloading 4 unused Assets to reduce memory usage. Loaded Objects now: 1562.
Total: 1.588860 ms (FindLiveObjects: 0.183504 ms CreateObjectMapping: 0.041156 ms MarkObjects: 1.348719 ms  DeleteObjects: 0.014348 ms)

========================================================================
Received Prepare
Registering precompiled user dll's ...
Registered in 0.001000 seconds.
Begin MonoManager ReloadAssembly
Native extension for WindowsStandalone target not found
Refreshing native plugins compatible for Editor in 0.20 ms, found 0 plugins.
Preloading 0 native plugins for Editor in 0.00 ms.
Invoked RoslynAnalysisRunner static constructor.
RoslynAnalysisRunner will not be running.
RoslynAnalysisRunner has terminated.
Mono: successfully reloaded assembly
- Completed reload, in  0.901 seconds
Platform modules already initialized, skipping
Refreshing native plugins compatible for Editor in 0.19 ms, found 0 plugins.
Preloading 0 native plugins for Editor in 0.00 ms.
Unloading 1104 Unused Serialized files (Serialized files now loaded: 0)
System memory in use before: 57.0 MB.
System memory in use after: 57.1 MB.

Unloading 4 unused Assets to reduce memory usage. Loaded Objects now: 1564.
Total: 1.388365 ms (FindLiveObjects: 0.121203 ms CreateObjectMapping: 0.031717 ms MarkObjects: 1.222229 ms  DeleteObjects: 0.012460 ms)

========================================================================
Received Import Request.
  Time since last request: 7991.676941 seconds.
  path: Assets/3D Tower Defence/Scripts/TowerData.cs
  artifactKey: Guid(d01bc242d9c60fb4b81025a26e674245) Importer(815301076,1909f56bfc062723c751e8b465ee728b)
Start importing Assets/3D Tower Defence/Scripts/TowerData.cs using Guid(d01bc242d9c60fb4b81025a26e674245) Importer(815301076,1909f56bfc062723c751e8b465ee728b)  -> (artifact id: '4d65b832d0944e54fbf3328bb679da67') in 0.007451 seconds
  Import took 0.009269 seconds .

========================================================================
Received Import Request.
  Time since last request: 3.377935 seconds.
  path: Assets/3D Tower Defence/Scripts/Waypoints.cs
  artifactKey: Guid(7022089356bad4042810f786922cbd0d) Importer(815301076,1909f56bfc062723c751e8b465ee728b)
Start importing Assets/3D Tower Defence/Scripts/Waypoints.cs using Guid(7022089356bad4042810f786922cbd0d) Importer(815301076,1909f56bfc062723c751e8b465ee728b)  -> (artifact id: '364ef518ef1280886247c984a125bf17') in 0.007002 seconds
  Import took 0.009805 seconds .

========================================================================
Received Import Request.
  Time since last request: 0.003667 seconds.
  path: Assets/3D Tower Defence/Scripts/Waypoints.cs
  artifactKey: Guid(7022089356bad4042810f786922cbd0d) Importer(815301076,1909f56bfc062723c751e8b465ee728b)
Start importing Assets/3D Tower Defence/Scripts/Waypoints.cs using Guid(7022089356bad4042810f786922cbd0d) Importer(815301076,1909f56bfc062723c751e8b465ee728b)  -> (artifact id: '364ef518ef1280886247c984a125bf17') in 0.005111 seconds
  Import took 0.007214 seconds .

========================================================================
Received Import Request.
  Time since last request: 0.764492 seconds.
  path: Assets/3D Tower Defence/Scripts/Wave.cs
  artifactKey: Guid(c55ebfba99cf7a04a8a9461631d05110) Importer(815301076,1909f56bfc062723c751e8b465ee728b)
Start importing Assets/3D Tower Defence/Scripts/Wave.cs using Guid(c55ebfba99cf7a04a8a9461631d05110) Importer(815301076,1909f56bfc062723c751e8b465ee728b)  -> (artifact id: 'a17c04abf44cac0cc4f018c4ef97208e') in 0.013312 seconds
  Import took 0.015921 seconds .

========================================================================
Received Import Request.
  Time since last request: 12.099315 seconds.
  path: Assets/3D Tower Defence/Scripts/Tower.cs
  artifactKey: Guid(b649965baf214504ca18d660ad625e98) Importer(815301076,1909f56bfc062723c751e8b465ee728b)
Start importing Assets/3D Tower Defence/Scripts/Tower.cs using Guid(b649965baf214504ca18d660ad625e98) Importer(815301076,1909f56bfc062723c751e8b465ee728b)  -> (artifact id: '5a5609d9bb90af012739b9dda295d830') in 0.004027 seconds
  Import took 0.005735 seconds .

========================================================================
Received Import Request.
  Time since last request: 0.031080 seconds.
  path: Assets/3D Tower Defence/Scripts/Tower.cs
  artifactKey: Guid(b649965baf214504ca18d660ad625e98) Importer(815301076,1909f56bfc062723c751e8b465ee728b)
Start importing Assets/3D Tower Defence/Scripts/Tower.cs using Guid(b649965baf214504ca18d660ad625e98) Importer(815301076,1909f56bfc062723c751e8b465ee728b)  -> (artifact id: '5a5609d9bb90af012739b9dda295d830') in 0.003885 seconds
  Import took 0.005678 seconds .

========================================================================
Received Import Request.
  Time since last request: 8.564545 seconds.
  path: Assets/3D Tower Defence/Scripts/EnemyMove.cs
  artifactKey: Guid(2e9dae3e3558c6a49aa123e41ecbbcf4) Importer(815301076,1909f56bfc062723c751e8b465ee728b)
Start importing Assets/3D Tower Defence/Scripts/EnemyMove.cs using Guid(2e9dae3e3558c6a49aa123e41ecbbcf4) Importer(815301076,1909f56bfc062723c751e8b465ee728b)  -> (artifact id: '1cbe8f5041781998aff531e43b149457') in 0.004934 seconds
  Import took 0.006693 seconds .

========================================================================
Received Import Request.
  Time since last request: 2.085100 seconds.
  path: Assets/3D Tower Defence/Scripts/Bullet.cs
  artifactKey: Guid(354ae95b69f22c14ab900c5b7f32c4f0) Importer(815301076,1909f56bfc062723c751e8b465ee728b)
Start importing Assets/3D Tower Defence/Scripts/Bullet.cs using Guid(354ae95b69f22c14ab900c5b7f32c4f0) Importer(815301076,1909f56bfc062723c751e8b465ee728b)  -> (artifact id: '6fabd5a51e7be72327f145b33dc743d0') in 0.003734 seconds
  Import took 0.005557 seconds .

========================================================================
Received Import Request.
  Time since last request: 0.001117 seconds.
  path: Assets/3D Tower Defence/Scripts/Bullet.cs
  artifactKey: Guid(354ae95b69f22c14ab900c5b7f32c4f0) Importer(815301076,1909f56bfc062723c751e8b465ee728b)
Start importing Assets/3D Tower Defence/Scripts/Bullet.cs using Guid(354ae95b69f22c14ab900c5b7f32c4f0) Importer(815301076,1909f56bfc062723c751e8b465ee728b)  -> (artifact id: '6fabd5a51e7be72327f145b33dc743d0') in 0.005140 seconds
  Import took 0.007024 seconds .

========================================================================
Received Import Request.
  Time since last request: 0.510416 seconds.
  path: Assets/3D Tower Defence/Scripts/BuildManager.cs
  artifactKey: Guid(dac6ec683d5c8f94dab896076447a886) Importer(815301076,1909f56bfc062723c751e8b465ee728b)
Start importing Assets/3D Tower Defence/Scripts/BuildManager.cs using Guid(dac6ec683d5c8f94dab896076447a886) Importer(815301076,1909f56bfc062723c751e8b465ee728b)  -> (artifact id: '4a3e7c9379696d53caca2c896c6443c1') in 0.005315 seconds
  Import took 0.007097 seconds .

========================================================================
Received Import Request.
  Time since last request: 0.001827 seconds.
  path: Assets/3D Tower Defence/Scripts/BuildManager.cs
  artifactKey: Guid(dac6ec683d5c8f94dab896076447a886) Importer(815301076,1909f56bfc062723c751e8b465ee728b)
Start importing Assets/3D Tower Defence/Scripts/BuildManager.cs using Guid(dac6ec683d5c8f94dab896076447a886) Importer(815301076,1909f56bfc062723c751e8b465ee728b)  -> (artifact id: '4a3e7c9379696d53caca2c896c6443c1') in 0.004329 seconds
  Import took 0.006109 seconds .

========================================================================
Received Prepare
Registering precompiled user dll's ...
Registered in 0.001009 seconds.
Begin MonoManager ReloadAssembly
Native extension for WindowsStandalone target not found
Refreshing native plugins compatible for Editor in 0.20 ms, found 0 plugins.
Preloading 0 native plugins for Editor in 0.00 ms.
Invoked RoslynAnalysisRunner static constructor.
RoslynAnalysisRunner will not be running.
RoslynAnalysisRunner has terminated.
Mono: successfully reloaded assembly
- Completed reload, in  0.870 seconds
Platform modules already initialized, skipping
Refreshing native plugins compatible for Editor in 0.19 ms, found 0 plugins.
Preloading 0 native plugins for Editor in 0.00 ms.
Unloading 1104 Unused Serialized files (Serialized files now loaded: 0)
System memory in use before: 57.1 MB.
System memory in use after: 57.2 MB.

Unloading 4 unused Assets to reduce memory usage. Loaded Objects now: 1566.
Total: 2.137486 ms (FindLiveObjects: 0.181239 ms CreateObjectMapping: 0.060035 ms MarkObjects: 1.876577 ms  DeleteObjects: 0.018501 ms)

========================================================================
Received Import Request.
  Time since last request: 18882.638020 seconds.
  path: Assets/3D Tower Defence/Material
  artifactKey: Guid(7b5a57d2593e06f47a9e7585e9d830ac) Importer(815301076,1909f56bfc062723c751e8b465ee728b)
Start importing Assets/3D Tower Defence/Material using Guid(7b5a57d2593e06f47a9e7585e9d830ac) Importer(815301076,1909f56bfc062723c751e8b465ee728b)  -> (artifact id: '08cf6f7ae0c54a921202373785c7c85d') in 0.007279 seconds
  Import took 0.009637 seconds .

========================================================================
Received Import Request.
  Time since last request: 206.484721 seconds.
  path: Assets/3D Tower Defence/Material/Way.mat
  artifactKey: Guid(ed50da6fb27fcfc4587fe1e62eb90062) Importer(815301076,1909f56bfc062723c751e8b465ee728b)
Start importing Assets/3D Tower Defence/Material/Way.mat using Guid(ed50da6fb27fcfc4587fe1e62eb90062) Importer(815301076,1909f56bfc062723c751e8b465ee728b)  -> (artifact id: 'f34e53697bcaecf5fc85e78529109912') in 0.123063 seconds
  Import took 0.125413 seconds .

========================================================================
Received Prepare
Registering precompiled user dll's ...
Registered in 0.000866 seconds.
Begin MonoManager ReloadAssembly
Native extension for WindowsStandalone target not found
Refreshing native plugins compatible for Editor in 0.19 ms, found 0 plugins.
Preloading 0 native plugins for Editor in 0.00 ms.
Invoked RoslynAnalysisRunner static constructor.
RoslynAnalysisRunner will not be running.
RoslynAnalysisRunner has terminated.
Mono: successfully reloaded assembly
- Completed reload, in  0.915 seconds
Platform modules already initialized, skipping
Refreshing native plugins compatible for Editor in 0.19 ms, found 0 plugins.
Preloading 0 native plugins for Editor in 0.00 ms.
Unloading 1104 Unused Serialized files (Serialized files now loaded: 0)
System memory in use before: 60.5 MB.
System memory in use after: 60.6 MB.

Unloading 4 unused Assets to reduce memory usage. Loaded Objects now: 1608.
Total: 1.602831 ms (FindLiveObjects: 0.124602 ms CreateObjectMapping: 0.030962 ms MarkObjects: 1.432164 ms  DeleteObjects: 0.013970 ms)

========================================================================
Received Import Request.
  Time since last request: 573.712091 seconds.
  path: Assets/3D Tower Defence/Scripts/WayPoints.cs
  artifactKey: Guid(7022089356bad4042810f786922cbd0d) Importer(815301076,1909f56bfc062723c751e8b465ee728b)
Start importing Assets/3D Tower Defence/Scripts/WayPoints.cs using Guid(7022089356bad4042810f786922cbd0d) Importer(815301076,1909f56bfc062723c751e8b465ee728b)  -> (artifact id: '8aaf1c941cb8621b4fae229b83f734c3') in 0.007257 seconds
  Import took 0.009530 seconds .

========================================================================
Received Prepare
Registering precompiled user dll's ...
Registered in 0.001126 seconds.
Begin MonoManager ReloadAssembly
Native extension for WindowsStandalone target not found
Refreshing native plugins compatible for Editor in 0.22 ms, found 0 plugins.
Preloading 0 native plugins for Editor in 0.00 ms.
Invoked RoslynAnalysisRunner static constructor.
RoslynAnalysisRunner will not be running.
RoslynAnalysisRunner has terminated.
Mono: successfully reloaded assembly
- Completed reload, in  0.897 seconds
Platform modules already initialized, skipping
Refreshing native plugins compatible for Editor in 0.20 ms, found 0 plugins.
Preloading 0 native plugins for Editor in 0.00 ms.
Unloading 1104 Unused Serialized files (Serialized files now loaded: 0)
System memory in use before: 60.6 MB.
System memory in use after: 60.7 MB.

Unloading 4 unused Assets to reduce memory usage. Loaded Objects now: 1610.
Total: 1.594147 ms (FindLiveObjects: 0.150277 ms CreateObjectMapping: 0.042667 ms MarkObjects: 1.386855 ms  DeleteObjects: 0.013593 ms)

========================================================================
Received Prepare
Registering precompiled user dll's ...
Registered in 0.000799 seconds.
Begin MonoManager ReloadAssembly
Native extension for WindowsStandalone target not found
Refreshing native plugins compatible for Editor in 0.23 ms, found 0 plugins.
Preloading 0 native plugins for Editor in 0.00 ms.
Invoked RoslynAnalysisRunner static constructor.
RoslynAnalysisRunner will not be running.
RoslynAnalysisRunner has terminated.
Mono: successfully reloaded assembly
- Completed reload, in  0.883 seconds
Platform modules already initialized, skipping
Refreshing native plugins compatible for Editor in 0.19 ms, found 0 plugins.
Preloading 0 native plugins for Editor in 0.00 ms.
Unloading 1104 Unused Serialized files (Serialized files now loaded: 0)
System memory in use before: 60.7 MB.
System memory in use after: 60.8 MB.

Unloading 4 unused Assets to reduce memory usage. Loaded Objects now: 1612.
Total: 1.437073 ms (FindLiveObjects: 0.132908 ms CreateObjectMapping: 0.034360 ms MarkObjects: 1.256212 ms  DeleteObjects: 0.012460 ms)

========================================================================
Received Import Request.
  Time since last request: 2362.908665 seconds.
  path: Assets/3D Tower Defence/Scripts/Waypoints.cs
  artifactKey: Guid(7022089356bad4042810f786922cbd0d) Importer(815301076,1909f56bfc062723c751e8b465ee728b)
Start importing Assets/3D Tower Defence/Scripts/Waypoints.cs using Guid(7022089356bad4042810f786922cbd0d) Importer(815301076,1909f56bfc062723c751e8b465ee728b)  -> (artifact id: 'e774b91781477c91fd3ba355f3d8b294') in 0.006230 seconds
  Import took 0.008463 seconds .

========================================================================
Received Import Request.
  Time since last request: 13.300475 seconds.
  path: Assets/3D Tower Defence/Scripts/WayPoints.cs
  artifactKey: Guid(7022089356bad4042810f786922cbd0d) Importer(815301076,1909f56bfc062723c751e8b465ee728b)
Start importing Assets/3D Tower Defence/Scripts/WayPoints.cs using Guid(7022089356bad4042810f786922cbd0d) Importer(815301076,1909f56bfc062723c751e8b465ee728b)  -> (artifact id: '6be10c8e803db86f4b64ba3b09ac427f') in 0.003985 seconds
  Import took 0.006455 seconds .

========================================================================
Received Prepare
Registering precompiled user dll's ...
Registered in 0.000998 seconds.
Begin MonoManager ReloadAssembly
Native extension for WindowsStandalone target not found
Refreshing native plugins compatible for Editor in 0.19 ms, found 0 plugins.
Preloading 0 native plugins for Editor in 0.00 ms.
Invoked RoslynAnalysisRunner static constructor.
RoslynAnalysisRunner will not be running.
RoslynAnalysisRunner has terminated.
Mono: successfully reloaded assembly
- Completed reload, in  0.863 seconds
Platform modules already initialized, skipping
Refreshing native plugins compatible for Editor in 0.20 ms, found 0 plugins.
Preloading 0 native plugins for Editor in 0.00 ms.
Unloading 1104 Unused Serialized files (Serialized files now loaded: 0)
System memory in use before: 60.8 MB.
System memory in use after: 60.9 MB.

Unloading 4 unused Assets to reduce memory usage. Loaded Objects now: 1614.
Total: 1.531091 ms (FindLiveObjects: 0.127245 ms CreateObjectMapping: 0.038891 ms MarkObjects: 1.351362 ms  DeleteObjects: 0.012460 ms)

========================================================================
Received Prepare
Registering precompiled user dll's ...
Registered in 0.000751 seconds.
Begin MonoManager ReloadAssembly
Native extension for WindowsStandalone target not found
Refreshing native plugins compatible for Editor in 0.20 ms, found 0 plugins.
Preloading 0 native plugins for Editor in 0.00 ms.
Invoked RoslynAnalysisRunner static constructor.
RoslynAnalysisRunner will not be running.
RoslynAnalysisRunner has terminated.
Mono: successfully reloaded assembly
- Completed reload, in  0.876 seconds
Platform modules already initialized, skipping
Refreshing native plugins compatible for Editor in 0.19 ms, found 0 plugins.
Preloading 0 native plugins for Editor in 0.00 ms.
Unloading 1104 Unused Serialized files (Serialized files now loaded: 0)
System memory in use before: 60.9 MB.
System memory in use after: 61.0 MB.

Unloading 4 unused Assets to reduce memory usage. Loaded Objects now: 1616.
Total: 1.488802 ms (FindLiveObjects: 0.143103 ms CreateObjectMapping: 0.037381 ms MarkObjects: 1.294725 ms  DeleteObjects: 0.012838 ms)

========================================================================
Received Import Request.
  Time since last request: 3464.482340 seconds.
  path: Assets/3D Tower Defence
  artifactKey: Guid(4bc72e36195072a4e9a3795abf1593dc) Importer(815301076,1909f56bfc062723c751e8b465ee728b)
Start importing Assets/3D Tower Defence using Guid(4bc72e36195072a4e9a3795abf1593dc) Importer(815301076,1909f56bfc062723c751e8b465ee728b)  -> (artifact id: '3fecfcb1b1db35c18413783ec454b47e') in 0.012687 seconds
  Import took 0.016969 seconds .

========================================================================
Received Import Request.
  Time since last request: 11.093915 seconds.
  path: Assets/3D Tower Defence/Prefab
  artifactKey: Guid(4162494c88af7f1419b9dc95315b4bb5) Importer(815301076,1909f56bfc062723c751e8b465ee728b)
Start importing Assets/3D Tower Defence/Prefab using Guid(4162494c88af7f1419b9dc95315b4bb5) Importer(815301076,1909f56bfc062723c751e8b465ee728b)  -> (artifact id: 'dddbddc8f6a34b6326631f3200d9e13e') in 0.006090 seconds
  Import took 0.010151 seconds .

========================================================================
Received Import Request.
  Time since last request: 200.437653 seconds.
  path: Assets/3D Tower Defence/Prefab/Bullet.prefab
  artifactKey: Guid(aec7c7089c9dea346a84808555068e56) Importer(815301076,1909f56bfc062723c751e8b465ee728b)
Start importing Assets/3D Tower Defence/Prefab/Bullet.prefab using Guid(aec7c7089c9dea346a84808555068e56) Importer(815301076,1909f56bfc062723c751e8b465ee728b)  -> (artifact id: '769506a0783a3c8bb211cfe0a0d06ad7') in 0.078809 seconds
  Import took 0.081123 seconds .

========================================================================
Received Import Request.
  Time since last request: 0.009310 seconds.
  path: Assets/3D Tower Defence/Prefab/Bullet.prefab
  artifactKey: Guid(aec7c7089c9dea346a84808555068e56) Importer(815301076,1909f56bfc062723c751e8b465ee728b)
Start importing Assets/3D Tower Defence/Prefab/Bullet.prefab using Guid(aec7c7089c9dea346a84808555068e56) Importer(815301076,1909f56bfc062723c751e8b465ee728b)  -> (artifact id: '769506a0783a3c8bb211cfe0a0d06ad7') in 0.010099 seconds
  Import took 0.012166 seconds .

========================================================================
Received Import Request.
  Time since last request: 181.422974 seconds.
  path: Assets/3D Tower Defence/Scripts/EnemyMove.cs
  artifactKey: Guid(2e9dae3e3558c6a49aa123e41ecbbcf4) Importer(815301076,1909f56bfc062723c751e8b465ee728b)
Start importing Assets/3D Tower Defence/Scripts/EnemyMove.cs using Guid(2e9dae3e3558c6a49aa123e41ecbbcf4) Importer(815301076,1909f56bfc062723c751e8b465ee728b)  -> (artifact id: 'b3ec400e317fe8c8d959f20ab585a538') in 0.003474 seconds
  Import took 0.005283 seconds .

========================================================================
Received Import Request.
  Time since last request: 0.001088 seconds.
  path: Assets/3D Tower Defence/Scripts/EnemyMove.cs
  artifactKey: Guid(2e9dae3e3558c6a49aa123e41ecbbcf4) Importer(815301076,1909f56bfc062723c751e8b465ee728b)
Start importing Assets/3D Tower Defence/Scripts/EnemyMove.cs using Guid(2e9dae3e3558c6a49aa123e41ecbbcf4) Importer(815301076,1909f56bfc062723c751e8b465ee728b)  -> (artifact id: 'b3ec400e317fe8c8d959f20ab585a538') in 0.003980 seconds
  Import took 0.005751 seconds .

========================================================================
Received Import Request.
  Time since last request: 321.723825 seconds.
  path: Assets/3D Tower Defence/Prefab/Enemy01.prefab
  artifactKey: Guid(9684f57cdc8a01645be1e0de40e96369) Importer(815301076,1909f56bfc062723c751e8b465ee728b)
Start importing Assets/3D Tower Defence/Prefab/Enemy01.prefab using Guid(9684f57cdc8a01645be1e0de40e96369) Importer(815301076,1909f56bfc062723c751e8b465ee728b)  -> (artifact id: 'f7b7f4187523f8e91e12c259b0157108') in 0.036892 seconds
  Import took 0.039577 seconds .

========================================================================
Received Import Request.
  Time since last request: 0.005610 seconds.
  path: Assets/3D Tower Defence/Prefab/Enemy01.prefab
  artifactKey: Guid(9684f57cdc8a01645be1e0de40e96369) Importer(815301076,1909f56bfc062723c751e8b465ee728b)
Start importing Assets/3D Tower Defence/Prefab/Enemy01.prefab using Guid(9684f57cdc8a01645be1e0de40e96369) Importer(815301076,1909f56bfc062723c751e8b465ee728b)  -> (artifact id: 'f7b7f4187523f8e91e12c259b0157108') in 0.012305 seconds
  Import took 0.014343 seconds .

========================================================================
Received Prepare
Registering precompiled user dll's ...
Registered in 0.000837 seconds.
Begin MonoManager ReloadAssembly
Native extension for WindowsStandalone target not found
Refreshing native plugins compatible for Editor in 0.22 ms, found 0 plugins.
Preloading 0 native plugins for Editor in 0.00 ms.
Invoked RoslynAnalysisRunner static constructor.
RoslynAnalysisRunner will not be running.
RoslynAnalysisRunner has terminated.
Mono: successfully reloaded assembly
- Completed reload, in  0.915 seconds
Platform modules already initialized, skipping
Refreshing native plugins compatible for Editor in 0.62 ms, found 0 plugins.
Preloading 0 native plugins for Editor in 0.00 ms.
Unloading 1104 Unused Serialized files (Serialized files now loaded: 0)
System memory in use before: 61.0 MB.
System memory in use after: 61.1 MB.

Unloading 7 unused Assets to reduce memory usage. Loaded Objects now: 1620.
Total: 1.539397 ms (FindLiveObjects: 0.129888 ms CreateObjectMapping: 0.034737 ms MarkObjects: 1.341545 ms  DeleteObjects: 0.032094 ms)

========================================================================
Received Import Request.
  Time since last request: 299.975603 seconds.
  path: Assets/3D Tower Defence/Prefab/Enemy01.prefab
  artifactKey: Guid(9684f57cdc8a01645be1e0de40e96369) Importer(815301076,1909f56bfc062723c751e8b465ee728b)
Start importing Assets/3D Tower Defence/Prefab/Enemy01.prefab using Guid(9684f57cdc8a01645be1e0de40e96369) Importer(815301076,1909f56bfc062723c751e8b465ee728b)  -> (artifact id: 'ab99db286691ec365cdf37957f2ea669') in 0.107899 seconds
  Import took 0.110151 seconds .

========================================================================
Received Import Request.
  Time since last request: 5.269382 seconds.
  path: Assets/3D Tower Defence/Prefab/Enemy01.prefab
  artifactKey: Guid(9684f57cdc8a01645be1e0de40e96369) Importer(815301076,1909f56bfc062723c751e8b465ee728b)
Start importing Assets/3D Tower Defence/Prefab/Enemy01.prefab using Guid(9684f57cdc8a01645be1e0de40e96369) Importer(815301076,1909f56bfc062723c751e8b465ee728b)  -> (artifact id: '99623b95d3e6f24c7d33c6b81c08e473') in 0.048423 seconds
  Import took 0.050841 seconds .

========================================================================
Received Import Request.
  Time since last request: 5.576178 seconds.
  path: Assets/3D Tower Defence/Prefab/Enemy02.prefab
  artifactKey: Guid(32c67c0de89ce7947ac8983760df1119) Importer(815301076,1909f56bfc062723c751e8b465ee728b)
Start importing Assets/3D Tower Defence/Prefab/Enemy02.prefab using Guid(32c67c0de89ce7947ac8983760df1119) Importer(815301076,1909f56bfc062723c751e8b465ee728b)  -> (artifact id: '730b2718cb87e0ac15155dc84f625e77') in 0.025876 seconds
  Import took 0.027890 seconds .

========================================================================
Received Import Request.
  Time since last request: 5.877913 seconds.
  path: Assets/3D Tower Defence/Prefab/Enemy03.prefab
  artifactKey: Guid(baa6a71bc9974fe469c286b7ab02badd) Importer(815301076,1909f56bfc062723c751e8b465ee728b)
Start importing Assets/3D Tower Defence/Prefab/Enemy03.prefab using Guid(baa6a71bc9974fe469c286b7ab02badd) Importer(815301076,1909f56bfc062723c751e8b465ee728b)  -> (artifact id: '6da124ae843e8a2be6b128da732af564') in 0.035123 seconds
  Import took 0.037392 seconds .

========================================================================
Received Import Request.
  Time since last request: 0.008579 seconds.
  path: Assets/3D Tower Defence/Prefab/Enemy03.prefab
  artifactKey: Guid(baa6a71bc9974fe469c286b7ab02badd) Importer(815301076,1909f56bfc062723c751e8b465ee728b)
Start importing Assets/3D Tower Defence/Prefab/Enemy03.prefab using Guid(baa6a71bc9974fe469c286b7ab02badd) Importer(815301076,1909f56bfc062723c751e8b465ee728b)  -> (artifact id: '6da124ae843e8a2be6b128da732af564') in 0.012041 seconds
  Import took 0.014073 seconds .

========================================================================
Received Import Request.
  Time since last request: 402.709229 seconds.
  path: Assets/3D Tower Defence/Prefab/Tower01.prefab
  artifactKey: Guid(f2dcc8606768ee442824024d2efda111) Importer(815301076,1909f56bfc062723c751e8b465ee728b)
Start importing Assets/3D Tower Defence/Prefab/Tower01.prefab using Guid(f2dcc8606768ee442824024d2efda111) Importer(815301076,1909f56bfc062723c751e8b465ee728b)  -> (artifact id: '4856585a386900b1f786e92454a01c93') in 0.029395 seconds
  Import took 0.031799 seconds .

========================================================================
Received Import Request.
  Time since last request: 0.014023 seconds.
  path: Assets/3D Tower Defence/Prefab/Tower01.prefab
  artifactKey: Guid(f2dcc8606768ee442824024d2efda111) Importer(815301076,1909f56bfc062723c751e8b465ee728b)
Start importing Assets/3D Tower Defence/Prefab/Tower01.prefab using Guid(f2dcc8606768ee442824024d2efda111) Importer(815301076,1909f56bfc062723c751e8b465ee728b)  -> (artifact id: '4856585a386900b1f786e92454a01c93') in 0.010823 seconds
  Import took 0.012806 seconds .

========================================================================
Received Import Request.
  Time since last request: 2.219953 seconds.
  path: Assets/3D Tower Defence/Prefab/Tower02.prefab
  artifactKey: Guid(18421e04113dad5488560a2b86f50f58) Importer(815301076,1909f56bfc062723c751e8b465ee728b)
Start importing Assets/3D Tower Defence/Prefab/Tower02.prefab using Guid(18421e04113dad5488560a2b86f50f58) Importer(815301076,1909f56bfc062723c751e8b465ee728b)  -> (artifact id: '023b8625d0ccb83047da3d1265f7b4b6') in 0.025869 seconds
  Import took 0.028046 seconds .

========================================================================
Received Import Request.
  Time since last request: 2.178613 seconds.
  path: Assets/3D Tower Defence/Prefab/Tower03.prefab
  artifactKey: Guid(e8d138041a48ce248a0699cb88ffa0f8) Importer(815301076,1909f56bfc062723c751e8b465ee728b)
Start importing Assets/3D Tower Defence/Prefab/Tower03.prefab using Guid(e8d138041a48ce248a0699cb88ffa0f8) Importer(815301076,1909f56bfc062723c751e8b465ee728b)  -> (artifact id: '7a3bf0550c10f6faf266d63d3fd59005') in 0.028978 seconds
  Import took 0.030952 seconds .

========================================================================
Received Prepare
Registering precompiled user dll's ...
Registered in 0.000994 seconds.
Begin MonoManager ReloadAssembly
Native extension for WindowsStandalone target not found
Refreshing native plugins compatible for Editor in 0.20 ms, found 0 plugins.
Preloading 0 native plugins for Editor in 0.00 ms.
Invoked RoslynAnalysisRunner static constructor.
RoslynAnalysisRunner will not be running.
RoslynAnalysisRunner has terminated.
Mono: successfully reloaded assembly
- Completed reload, in  0.855 seconds
Platform modules already initialized, skipping
Refreshing native plugins compatible for Editor in 0.19 ms, found 0 plugins.
Preloading 0 native plugins for Editor in 0.00 ms.
Unloading 1104 Unused Serialized files (Serialized files now loaded: 0)
System memory in use before: 61.2 MB.
System memory in use after: 61.3 MB.

Unloading 7 unused Assets to reduce memory usage. Loaded Objects now: 1625.
Total: 1.492577 ms (FindLiveObjects: 0.126112 ms CreateObjectMapping: 0.034737 ms MarkObjects: 1.303787 ms  DeleteObjects: 0.027186 ms)

========================================================================
Received Prepare
Registering precompiled user dll's ...
Registered in 0.000851 seconds.
Begin MonoManager ReloadAssembly
Native extension for WindowsStandalone target not found
Refreshing native plugins compatible for Editor in 0.25 ms, found 0 plugins.
Preloading 0 native plugins for Editor in 0.00 ms.
Invoked RoslynAnalysisRunner static constructor.
RoslynAnalysisRunner will not be running.
RoslynAnalysisRunner has terminated.
Mono: successfully reloaded assembly
- Completed reload, in  0.944 seconds
Platform modules already initialized, skipping
Refreshing native plugins compatible for Editor in 0.20 ms, found 0 plugins.
Preloading 0 native plugins for Editor in 0.00 ms.
Unloading 1104 Unused Serialized files (Serialized files now loaded: 0)
System memory in use before: 61.3 MB.
System memory in use after: 61.4 MB.

Unloading 4 unused Assets to reduce memory usage. Loaded Objects now: 1627.
Total: 1.562807 ms (FindLiveObjects: 0.188413 ms CreateObjectMapping: 0.046065 ms MarkObjects: 1.313982 ms  DeleteObjects: 0.013215 ms)

========================================================================
Received Prepare
Registering precompiled user dll's ...
Registered in 0.000820 seconds.
Begin MonoManager ReloadAssembly
Native extension for WindowsStandalone target not found
Refreshing native plugins compatible for Editor in 0.20 ms, found 0 plugins.
Preloading 0 native plugins for Editor in 0.00 ms.
Invoked RoslynAnalysisRunner static constructor.
RoslynAnalysisRunner will not be running.
RoslynAnalysisRunner has terminated.
Mono: successfully reloaded assembly
- Completed reload, in  0.922 seconds
Platform modules already initialized, skipping
Refreshing native plugins compatible for Editor in 0.19 ms, found 0 plugins.
Preloading 0 native plugins for Editor in 0.00 ms.
Unloading 1104 Unused Serialized files (Serialized files now loaded: 0)
System memory in use before: 61.4 MB.
System memory in use after: 61.5 MB.

Unloading 4 unused Assets to reduce memory usage. Loaded Objects now: 1629.
Total: 1.496353 ms (FindLiveObjects: 0.133664 ms CreateObjectMapping: 0.037381 ms MarkObjects: 1.309073 ms  DeleteObjects: 0.014726 ms)

========================================================================
Received Prepare
Registering precompiled user dll's ...
Registered in 0.001081 seconds.
Begin MonoManager ReloadAssembly
Native extension for WindowsStandalone target not found
Refreshing native plugins compatible for Editor in 0.20 ms, found 0 plugins.
Preloading 0 native plugins for Editor in 0.00 ms.
Invoked RoslynAnalysisRunner static constructor.
RoslynAnalysisRunner will not be running.
RoslynAnalysisRunner has terminated.
Mono: successfully reloaded assembly
- Completed reload, in  0.934 seconds
Platform modules already initialized, skipping
Refreshing native plugins compatible for Editor in 0.19 ms, found 0 plugins.
Preloading 0 native plugins for Editor in 0.00 ms.
Unloading 1104 Unused Serialized files (Serialized files now loaded: 0)
System memory in use before: 61.5 MB.
System memory in use after: 61.6 MB.

Unloading 4 unused Assets to reduce memory usage. Loaded Objects now: 1631.
Total: 1.861851 ms (FindLiveObjects: 0.130643 ms CreateObjectMapping: 0.035115 ms MarkObjects: 1.676082 ms  DeleteObjects: 0.018501 ms)

========================================================================
Received Import Request.
  Time since last request: 2407.477226 seconds.
  path: Assets/3D Tower Defence/Prefab/Tower01.prefab
  artifactKey: Guid(f2dcc8606768ee442824024d2efda111) Importer(815301076,1909f56bfc062723c751e8b465ee728b)
Start importing Assets/3D Tower Defence/Prefab/Tower01.prefab using Guid(f2dcc8606768ee442824024d2efda111) Importer(815301076,1909f56bfc062723c751e8b465ee728b)  -> (artifact id: 'ce949bdacd781e03c874f0d3558e6c6a') in 0.105266 seconds
  Import took 0.108104 seconds .

========================================================================
Received Import Request.
  Time since last request: 2.130545 seconds.
  path: Assets/3D Tower Defence/Prefab/Tower01.prefab
  artifactKey: Guid(f2dcc8606768ee442824024d2efda111) Importer(815301076,1909f56bfc062723c751e8b465ee728b)
Start importing Assets/3D Tower Defence/Prefab/Tower01.prefab using Guid(f2dcc8606768ee442824024d2efda111) Importer(815301076,1909f56bfc062723c751e8b465ee728b)  -> (artifact id: '5055223ec7290d32d64643eaebddf9bb') in 0.037218 seconds
  Import took 0.039800 seconds .

========================================================================
Received Import Request.
  Time since last request: 4.060278 seconds.
  path: Assets/3D Tower Defence/Prefab/Tower02.prefab
  artifactKey: Guid(18421e04113dad5488560a2b86f50f58) Importer(815301076,1909f56bfc062723c751e8b465ee728b)
Start importing Assets/3D Tower Defence/Prefab/Tower02.prefab using Guid(18421e04113dad5488560a2b86f50f58) Importer(815301076,1909f56bfc062723c751e8b465ee728b)  -> (artifact id: '3c212fb03af5523a1107fa82d441971b') in 0.038244 seconds
  Import took 0.041230 seconds .

========================================================================
Received Import Request.
  Time since last request: 0.014999 seconds.
  path: Assets/3D Tower Defence/Prefab/Tower02.prefab
  artifactKey: Guid(18421e04113dad5488560a2b86f50f58) Importer(815301076,1909f56bfc062723c751e8b465ee728b)
Start importing Assets/3D Tower Defence/Prefab/Tower02.prefab using Guid(18421e04113dad5488560a2b86f50f58) Importer(815301076,1909f56bfc062723c751e8b465ee728b)  -> (artifact id: '3c212fb03af5523a1107fa82d441971b') in 0.035399 seconds
  Import took 0.037520 seconds .

========================================================================
Received Import Request.
  Time since last request: 0.908349 seconds.
  path: Assets/3D Tower Defence/Prefab/Tower02.prefab
  artifactKey: Guid(18421e04113dad5488560a2b86f50f58) Importer(815301076,1909f56bfc062723c751e8b465ee728b)
Start importing Assets/3D Tower Defence/Prefab/Tower02.prefab using Guid(18421e04113dad5488560a2b86f50f58) Importer(815301076,1909f56bfc062723c751e8b465ee728b)  -> (artifact id: '04b67247cf6e1cf3fa7234244330d4c9') in 0.044899 seconds
  Import took 0.047183 seconds .

========================================================================
Received Import Request.
  Time since last request: 3.666050 seconds.
  path: Assets/3D Tower Defence/Prefab/Tower03.prefab
  artifactKey: Guid(e8d138041a48ce248a0699cb88ffa0f8) Importer(815301076,1909f56bfc062723c751e8b465ee728b)
Start importing Assets/3D Tower Defence/Prefab/Tower03.prefab using Guid(e8d138041a48ce248a0699cb88ffa0f8) Importer(815301076,1909f56bfc062723c751e8b465ee728b)  -> (artifact id: 'd11d942b039b2b98479008ac58f7a099') in 0.033168 seconds
  Import took 0.035746 seconds .

========================================================================
Received Import Request.
  Time since last request: 0.015908 seconds.
  path: Assets/3D Tower Defence/Prefab/Tower03.prefab
  artifactKey: Guid(e8d138041a48ce248a0699cb88ffa0f8) Importer(815301076,1909f56bfc062723c751e8b465ee728b)
Start importing Assets/3D Tower Defence/Prefab/Tower03.prefab using Guid(e8d138041a48ce248a0699cb88ffa0f8) Importer(815301076,1909f56bfc062723c751e8b465ee728b)  -> (artifact id: 'd11d942b039b2b98479008ac58f7a099') in 0.036162 seconds
  Import took 0.040282 seconds .

========================================================================
Received Import Request.
  Time since last request: 75.931884 seconds.
  path: Assets/3D Tower Defence/Prefab/Enemy01.prefab
  artifactKey: Guid(9684f57cdc8a01645be1e0de40e96369) Importer(815301076,1909f56bfc062723c751e8b465ee728b)
Start importing Assets/3D Tower Defence/Prefab/Enemy01.prefab using Guid(9684f57cdc8a01645be1e0de40e96369) Importer(815301076,1909f56bfc062723c751e8b465ee728b)  -> (artifact id: 'f8644ed659920a8baee0eb5b6d9ccea8') in 0.028104 seconds
  Import took 0.030180 seconds .

========================================================================
Received Import Request.
  Time since last request: 0.017442 seconds.
  path: Assets/3D Tower Defence/Prefab/Enemy01.prefab
  artifactKey: Guid(9684f57cdc8a01645be1e0de40e96369) Importer(815301076,1909f56bfc062723c751e8b465ee728b)
Start importing Assets/3D Tower Defence/Prefab/Enemy01.prefab using Guid(9684f57cdc8a01645be1e0de40e96369) Importer(815301076,1909f56bfc062723c751e8b465ee728b)  -> (artifact id: 'f8644ed659920a8baee0eb5b6d9ccea8') in 0.040827 seconds
  Import took 0.043205 seconds .

========================================================================
Received Import Request.
  Time since last request: 29.296932 seconds.
  path: ProjectSettings/TagManager.asset
  artifactKey: Guid(00000000000000003000000000000000) Importer(815301076,1909f56bfc062723c751e8b465ee728b)
Start importing ProjectSettings/TagManager.asset using Guid(00000000000000003000000000000000) Importer(815301076,1909f56bfc062723c751e8b465ee728b)  -> (artifact id: 'e8c3ab6b558fa7fe7c42e9a55a892947') in 0.008805 seconds
  Import took 0.011250 seconds .

========================================================================
Received Import Request.
  Time since last request: 8.566408 seconds.
  path: Assets/3D Tower Defence/Prefab/Enemy01.prefab
  artifactKey: Guid(9684f57cdc8a01645be1e0de40e96369) Importer(815301076,1909f56bfc062723c751e8b465ee728b)
Start importing Assets/3D Tower Defence/Prefab/Enemy01.prefab using Guid(9684f57cdc8a01645be1e0de40e96369) Importer(815301076,1909f56bfc062723c751e8b465ee728b)  -> (artifact id: 'da976f82af95fc2b26f214db25d863d8') in 0.036079 seconds
  Import took 0.038051 seconds .

========================================================================
Received Import Request.
  Time since last request: 0.919540 seconds.
  path: Assets/3D Tower Defence/Prefab/Enemy02.prefab
  artifactKey: Guid(32c67c0de89ce7947ac8983760df1119) Importer(815301076,1909f56bfc062723c751e8b465ee728b)
Start importing Assets/3D Tower Defence/Prefab/Enemy02.prefab using Guid(32c67c0de89ce7947ac8983760df1119) Importer(815301076,1909f56bfc062723c751e8b465ee728b)  -> (artifact id: 'bd5159b8db60ff6877ddcb6d8ec11a28') in 0.011531 seconds
  Import took 0.013423 seconds .

========================================================================
Received Import Request.
  Time since last request: 2.063748 seconds.
  path: Assets/3D Tower Defence/Prefab/Enemy02.prefab
  artifactKey: Guid(32c67c0de89ce7947ac8983760df1119) Importer(815301076,1909f56bfc062723c751e8b465ee728b)
Start importing Assets/3D Tower Defence/Prefab/Enemy02.prefab using Guid(32c67c0de89ce7947ac8983760df1119) Importer(815301076,1909f56bfc062723c751e8b465ee728b)  -> (artifact id: '3f421095310d21e7e73659c552891a51') in 0.035065 seconds
  Import took 0.037676 seconds .

========================================================================
Received Import Request.
  Time since last request: 1.038488 seconds.
  path: Assets/3D Tower Defence/Prefab/Enemy03.prefab
  artifactKey: Guid(baa6a71bc9974fe469c286b7ab02badd) Importer(815301076,1909f56bfc062723c751e8b465ee728b)
Start importing Assets/3D Tower Defence/Prefab/Enemy03.prefab using Guid(baa6a71bc9974fe469c286b7ab02badd) Importer(815301076,1909f56bfc062723c751e8b465ee728b)  -> (artifact id: 'a4f23e92e2cdaa43bffe6385aa5e84d4') in 0.011358 seconds
  Import took 0.013267 seconds .

========================================================================
Received Import Request.
  Time since last request: 2.169625 seconds.
  path: Assets/3D Tower Defence/Prefab/Enemy03.prefab
  artifactKey: Guid(baa6a71bc9974fe469c286b7ab02badd) Importer(815301076,1909f56bfc062723c751e8b465ee728b)
Start importing Assets/3D Tower Defence/Prefab/Enemy03.prefab using Guid(baa6a71bc9974fe469c286b7ab02badd) Importer(815301076,1909f56bfc062723c751e8b465ee728b)  -> (artifact id: 'b5b36b82eeb5f77c69043ebdd211f36d') in 0.029606 seconds
  Import took 0.031795 seconds .

========================================================================
Received Prepare
Registering precompiled user dll's ...
Registered in 0.000749 seconds.
Begin MonoManager ReloadAssembly
Native extension for WindowsStandalone target not found
Refreshing native plugins compatible for Editor in 0.22 ms, found 0 plugins.
Preloading 0 native plugins for Editor in 0.00 ms.
Invoked RoslynAnalysisRunner static constructor.
RoslynAnalysisRunner will not be running.
RoslynAnalysisRunner has terminated.
Mono: successfully reloaded assembly
- Completed reload, in  0.911 seconds
Platform modules already initialized, skipping
Refreshing native plugins compatible for Editor in 0.29 ms, found 0 plugins.
Preloading 0 native plugins for Editor in 0.00 ms.
Unloading 1104 Unused Serialized files (Serialized files now loaded: 0)
System memory in use before: 61.6 MB.
System memory in use after: 61.7 MB.

Unloading 8 unused Assets to reduce memory usage. Loaded Objects now: 1634.
Total: 2.572081 ms (FindLiveObjects: 0.155941 ms CreateObjectMapping: 0.046820 ms MarkObjects: 2.331562 ms  DeleteObjects: 0.035870 ms)

========================================================================
Received Import Request.
  Time since last request: 127.185807 seconds.
  path: Assets/3D Tower Defence/Prefab/Tower01.prefab
  artifactKey: Guid(f2dcc8606768ee442824024d2efda111) Importer(815301076,1909f56bfc062723c751e8b465ee728b)
Start importing Assets/3D Tower Defence/Prefab/Tower01.prefab using Guid(f2dcc8606768ee442824024d2efda111) Importer(815301076,1909f56bfc062723c751e8b465ee728b)  -> (artifact id: '91748aa420f7f23070fa10cd9e621e5d') in 0.084103 seconds
  Import took 0.086526 seconds .

========================================================================
Received Import Request.
  Time since last request: 0.739880 seconds.
  path: Assets/3D Tower Defence/Prefab/Tower02.prefab
  artifactKey: Guid(18421e04113dad5488560a2b86f50f58) Importer(815301076,1909f56bfc062723c751e8b465ee728b)
Start importing Assets/3D Tower Defence/Prefab/Tower02.prefab using Guid(18421e04113dad5488560a2b86f50f58) Importer(815301076,1909f56bfc062723c751e8b465ee728b)  -> (artifact id: '5409b25e3786b03bbcd529e1fcb872a5') in 0.011230 seconds
  Import took 0.013188 seconds .

========================================================================
Received Import Request.
  Time since last request: 1.510555 seconds.
  path: Assets/3D Tower Defence/Prefab/Tower02.prefab
  artifactKey: Guid(18421e04113dad5488560a2b86f50f58) Importer(815301076,1909f56bfc062723c751e8b465ee728b)
Start importing Assets/3D Tower Defence/Prefab/Tower02.prefab using Guid(18421e04113dad5488560a2b86f50f58) Importer(815301076,1909f56bfc062723c751e8b465ee728b)  -> (artifact id: 'bba7681e80459f3322d88bd3f3c7a034') in 0.032854 seconds
  Import took 0.035291 seconds .

========================================================================
Received Import Request.
  Time since last request: 0.004040 seconds.
  path: Assets/3D Tower Defence/Prefab/Tower02.prefab
  artifactKey: Guid(18421e04113dad5488560a2b86f50f58) Importer(815301076,1909f56bfc062723c751e8b465ee728b)
Start importing Assets/3D Tower Defence/Prefab/Tower02.prefab using Guid(18421e04113dad5488560a2b86f50f58) Importer(815301076,1909f56bfc062723c751e8b465ee728b)  -> (artifact id: 'bba7681e80459f3322d88bd3f3c7a034') in 0.012649 seconds
  Import took 0.014831 seconds .

========================================================================
Received Import Request.
  Time since last request: 0.556239 seconds.
  path: Assets/3D Tower Defence/Prefab/Tower03.prefab
  artifactKey: Guid(e8d138041a48ce248a0699cb88ffa0f8) Importer(815301076,1909f56bfc062723c751e8b465ee728b)
Start importing Assets/3D Tower Defence/Prefab/Tower03.prefab using Guid(e8d138041a48ce248a0699cb88ffa0f8) Importer(815301076,1909f56bfc062723c751e8b465ee728b)  -> (artifact id: '00f435666c03d4526361ffa9302c9e40') in 0.013626 seconds
  Import took 0.015871 seconds .

========================================================================
Received Import Request.
  Time since last request: 0.909624 seconds.
  path: Assets/3D Tower Defence/Prefab/Tower03.prefab
  artifactKey: Guid(e8d138041a48ce248a0699cb88ffa0f8) Importer(815301076,1909f56bfc062723c751e8b465ee728b)
Start importing Assets/3D Tower Defence/Prefab/Tower03.prefab using Guid(e8d138041a48ce248a0699cb88ffa0f8) Importer(815301076,1909f56bfc062723c751e8b465ee728b)  -> (artifact id: '20fb9d58219c467c6630f66c2358c54d') in 0.033602 seconds
  Import took 0.035700 seconds .

========================================================================
Received Prepare
Registering precompiled user dll's ...
Registered in 0.001569 seconds.
Begin MonoManager ReloadAssembly
Native extension for WindowsStandalone target not found
Refreshing native plugins compatible for Editor in 0.27 ms, found 0 plugins.
Preloading 0 native plugins for Editor in 0.00 ms.
Invoked RoslynAnalysisRunner static constructor.
RoslynAnalysisRunner will not be running.
RoslynAnalysisRunner has terminated.
Mono: successfully reloaded assembly
- Completed reload, in  0.865 seconds
Platform modules already initialized, skipping
Refreshing native plugins compatible for Editor in 0.20 ms, found 0 plugins.
Preloading 0 native plugins for Editor in 0.00 ms.
Unloading 1104 Unused Serialized files (Serialized files now loaded: 0)
System memory in use before: 61.7 MB.
System memory in use after: 61.8 MB.

Unloading 5 unused Assets to reduce memory usage. Loaded Objects now: 1637.
Total: 1.860719 ms (FindLiveObjects: 0.225038 ms CreateObjectMapping: 0.047953 ms MarkObjects: 1.570359 ms  DeleteObjects: 0.016236 ms)

